Arguments: 
  C:\Program Files\nodejs\node.exe C:\Users\Owner\AppData\Roaming\npm\node_modules\yarn\bin\yarn.js add easlejs tweenjs

PATH: 
  C:\Program Files (x86)\Common Files\Oracle\Java\javapath;C:\oraclexe\app\oracle\product\11.2.0\server\bin;C:\ProgramData\Oracle\Java\javapath;C:\WINDOWS\system32;C:\WINDOWS;C:\WINDOWS\System32\Wbem;C:\WINDOWS\System32\WindowsPowerShell\v1.0\;C:\Program Files (x86)\GtkSharp\2.12\bin;C:\WINDOWS\System32\OpenSSH\;C:\Program Files\Java\jdk-10.0.2;C:\Program Files\Java\jdk-10.0.2\bin;C:\Program Files\dotnet\;C:\Program Files\Microsoft SQL Server\130\Tools\Binn\;C:\Program Files\nodejs\;C:\Program Files\Git\cmd;C:\Program Files\MySQL\MySQL Shell 8.0\bin\;C:\Users\Owner\.dotnet\tools;C:\Users\Owner\AppData\Roaming\npm;C:\Users\Owner\AppData\Local\Programs\Microsoft VS Code\bin

Yarn version: 
  1.22.0

Node version: 
  13.6.0

Platform: 
  win32 x64

Trace: 
  Error: https://registry.yarnpkg.com/easlejs: Not found
      at Request.params.callback [as _callback] (C:\Users\Owner\AppData\Roaming\npm\node_modules\yarn\lib\cli.js:66975:18)
      at Request.self.callback (C:\Users\Owner\AppData\Roaming\npm\node_modules\yarn\lib\cli.js:140727:22)
      at Request.emit (events.js:321:20)
      at Request.<anonymous> (C:\Users\Owner\AppData\Roaming\npm\node_modules\yarn\lib\cli.js:141699:10)
      at Request.emit (events.js:321:20)
      at IncomingMessage.<anonymous> (C:\Users\Owner\AppData\Roaming\npm\node_modules\yarn\lib\cli.js:141621:12)
      at Object.onceWrapper (events.js:427:28)
      at IncomingMessage.emit (events.js:333:22)
      at endReadableNT (_stream_readable.js:1220:12)
      at processTicksAndRejections (internal/process/task_queues.js:84:21)

npm manifest: 
  {
    "name": "comp397_kishore_assignment2",
    "version": "1.0.0",
    "description": "COMP397-Assignment2-Kishore",
    "main": "game.js",
    "author": "Kishore Jothinarayanan",
    "license": "MIT",
    "dependencies": {
      "createjs": "^1.0.1"
    }
  }

yarn manifest: 
  No manifest

Lockfile: 
  # THIS IS AN AUTOGENERATED FILE. DO NOT EDIT THIS FILE DIRECTLY.
  # yarn lockfile v1
  
  
  createjs@^1.0.1:
    version "1.0.1"
    resolved "https://registry.yarnpkg.com/createjs/-/createjs-1.0.1.tgz#163e8ba35814f62c8033cd9628033f190dfdaa9f"
    integrity sha512-VutFczgM8GNzOSiFKlYEwFRgZRMQkZt34ooaewKi7lzxuQ7JSsUs/Y1qb95G4CKOnHA/C/yghCJ6wfivuKOawA==
